app/build/intermediates/manifest_merge_blame_file/debug/processDebugMainManifest/manifest-merger-blame-debug-report.txt
1<?xml version="1.0" encoding="utf-8"?>
2<manifest xmlns:android="http://schemas.android.com/apk/res/android"
3    package="com.cardioconnect"
4    android:versionCode="1"
5    android:versionName="1.0.0" >
6
7    <uses-sdk
7-->INJECTED
8        android:minSdkVersion="29"
8-->INJECTED
9        android:targetSdkVersion="36" />
9-->INJECTED
10
11    <!-- Legacy Bluetooth permissions for Android 11 (API 30) and below -->
12    <uses-permission
12-->src/main/AndroidManifest.xml:5:5-95
13        android:name="android.permission.BLUETOOTH"
13-->src/main/AndroidManifest.xml:5:22-65
14        android:maxSdkVersion="30" />
14-->src/main/AndroidManifest.xml:5:66-92
15    <uses-permission
15-->src/main/AndroidManifest.xml:6:5-101
16        android:name="android.permission.BLUETOOTH_ADMIN"
16-->src/main/AndroidManifest.xml:6:22-71
17        android:maxSdkVersion="30" />
17-->src/main/AndroidManifest.xml:6:72-98
18    <uses-permission
18-->src/main/AndroidManifest.xml:7:5-106
19        android:name="android.permission.ACCESS_FINE_LOCATION"
19-->src/main/AndroidManifest.xml:7:22-76
20        android:maxSdkVersion="30" />
20-->src/main/AndroidManifest.xml:7:77-103
21    <uses-permission
21-->src/main/AndroidManifest.xml:8:5-108
22        android:name="android.permission.ACCESS_COARSE_LOCATION"
22-->src/main/AndroidManifest.xml:8:22-78
23        android:maxSdkVersion="30" />
23-->src/main/AndroidManifest.xml:8:79-105
24
25    <!-- Modern Bluetooth permissions for Android 12 (API 31) and above -->
26    <uses-permission
26-->src/main/AndroidManifest.xml:11:5-13:58
27        android:name="android.permission.BLUETOOTH_SCAN"
27-->src/main/AndroidManifest.xml:12:9-57
28        android:usesPermissionFlags="neverForLocation" />
28-->src/main/AndroidManifest.xml:13:9-55
29    <uses-permission android:name="android.permission.BLUETOOTH_CONNECT" />
29-->src/main/AndroidManifest.xml:14:5-76
29-->src/main/AndroidManifest.xml:14:22-73
30
31    <!-- File and notification permissions -->
32    <uses-permission android:name="android.permission.POST_NOTIFICATIONS" />
32-->src/main/AndroidManifest.xml:17:5-77
32-->src/main/AndroidManifest.xml:17:22-74
33
34    <!-- Hardware requirements -->
35    <uses-feature
35-->src/main/AndroidManifest.xml:20:5-22:36
36        android:name="android.hardware.bluetooth_le"
36-->src/main/AndroidManifest.xml:21:9-53
37        android:required="false" />
37-->src/main/AndroidManifest.xml:22:9-33
38
39    <permission
39-->[androidx.core:core:1.13.1] AndroidManifest.xml:22:5-24:47
40        android:name="com.cardioconnect.DYNAMIC_RECEIVER_NOT_EXPORTED_PERMISSION"
40-->[androidx.core:core:1.13.1] AndroidManifest.xml:23:9-81
41        android:protectionLevel="signature" />
41-->[androidx.core:core:1.13.1] AndroidManifest.xml:24:9-44
42
43    <uses-permission android:name="com.cardioconnect.DYNAMIC_RECEIVER_NOT_EXPORTED_PERMISSION" />
43-->[androidx.core:core:1.13.1] AndroidManifest.xml:26:5-97
43-->[androidx.core:core:1.13.1] AndroidManifest.xml:26:22-94
44
45    <application
45-->src/main/AndroidManifest.xml:24:5-54:19
46        android:name="com.cardioconnect.CardioConnectApp"
46-->src/main/AndroidManifest.xml:25:9-41
47        android:allowBackup="true"
47-->src/main/AndroidManifest.xml:26:9-35
48        android:appComponentFactory="androidx.core.app.CoreComponentFactory"
48-->[androidx.core:core:1.13.1] AndroidManifest.xml:28:18-86
49        android:debuggable="true"
50        android:extractNativeLibs="false"
50-->INJECTED
51        android:icon="@mipmap/ic_launcher"
51-->src/main/AndroidManifest.xml:27:9-43
52        android:label="@string/app_name"
52-->src/main/AndroidManifest.xml:28:9-41
53        android:roundIcon="@mipmap/ic_launcher_round"
53-->src/main/AndroidManifest.xml:29:9-54
54        android:supportsRtl="true"
54-->src/main/AndroidManifest.xml:30:9-35
55        android:theme="@style/Theme.CardioConnect" >
55-->src/main/AndroidManifest.xml:31:9-51
56        <activity
56-->src/main/AndroidManifest.xml:33:9-42:20
57            android:name="com.cardioconnect.MainActivity"
57-->src/main/AndroidManifest.xml:34:13-41
58            android:configChanges="orientation|screenSize|screenLayout|keyboardHidden"
58-->src/main/AndroidManifest.xml:36:13-87
59            android:exported="true"
59-->src/main/AndroidManifest.xml:35:13-36
60            android:theme="@style/Theme.CardioConnect" >
60-->src/main/AndroidManifest.xml:37:13-55
61            <intent-filter>
61-->src/main/AndroidManifest.xml:38:13-41:29
62                <action android:name="android.intent.action.MAIN" />
62-->src/main/AndroidManifest.xml:39:17-69
62-->src/main/AndroidManifest.xml:39:25-66
63
64                <category android:name="android.intent.category.LAUNCHER" />
64-->src/main/AndroidManifest.xml:40:17-77
64-->src/main/AndroidManifest.xml:40:27-74
65            </intent-filter>
66        </activity>
67
68        <provider
68-->INJECTED
69            android:name="androidx.core.content.FileProvider"
69-->src/main/AndroidManifest.xml:45:13-62
70            android:authorities="com.cardioconnect.fileprovider"
70-->INJECTED
71            android:exported="false"
71-->src/main/AndroidManifest.xml:47:13-37
72            android:grantUriPermissions="true" >
72-->src/main/AndroidManifest.xml:48:13-47
73            <meta-data
73-->src/main/AndroidManifest.xml:49:13-51:54
74                android:name="android.support.FILE_PROVIDER_PATHS"
74-->src/main/AndroidManifest.xml:50:17-67
75                android:resource="@xml/file_paths" />
75-->src/main/AndroidManifest.xml:51:17-51
76        </provider>
77        <provider
77-->[androidx.emoji2:emoji2:1.3.0] AndroidManifest.xml:24:9-32:20
78            android:name="androidx.startup.InitializationProvider"
78-->[androidx.emoji2:emoji2:1.3.0] AndroidManifest.xml:25:13-67
79            android:authorities="com.cardioconnect.androidx-startup"
79-->[androidx.emoji2:emoji2:1.3.0] AndroidManifest.xml:26:13-68
80            android:exported="false" >
80-->[androidx.emoji2:emoji2:1.3.0] AndroidManifest.xml:27:13-37
81            <meta-data
81-->[androidx.emoji2:emoji2:1.3.0] AndroidManifest.xml:29:13-31:52
82                android:name="androidx.emoji2.text.EmojiCompatInitializer"
82-->[androidx.emoji2:emoji2:1.3.0] AndroidManifest.xml:30:17-75
83                android:value="androidx.startup" />
83-->[androidx.emoji2:emoji2:1.3.0] AndroidManifest.xml:31:17-49
84            <meta-data
84-->[androidx.lifecycle:lifecycle-process:2.8.7] AndroidManifest.xml:29:13-31:52
85                android:name="androidx.lifecycle.ProcessLifecycleInitializer"
85-->[androidx.lifecycle:lifecycle-process:2.8.7] AndroidManifest.xml:30:17-78
86                android:value="androidx.startup" />
86-->[androidx.lifecycle:lifecycle-process:2.8.7] AndroidManifest.xml:31:17-49
87            <meta-data
87-->[androidx.profileinstaller:profileinstaller:1.3.1] AndroidManifest.xml:29:13-31:52
88                android:name="androidx.profileinstaller.ProfileInstallerInitializer"
88-->[androidx.profileinstaller:profileinstaller:1.3.1] AndroidManifest.xml:30:17-85
89                android:value="androidx.startup" />
89-->[androidx.profileinstaller:profileinstaller:1.3.1] AndroidManifest.xml:31:17-49
90        </provider>
91
92        <activity
92-->[androidx.compose.ui:ui-tooling-android:1.7.5] AndroidManifest.xml:23:9-25:39
93            android:name="androidx.compose.ui.tooling.PreviewActivity"
93-->[androidx.compose.ui:ui-tooling-android:1.7.5] AndroidManifest.xml:24:13-71
94            android:exported="true" />
94-->[androidx.compose.ui:ui-tooling-android:1.7.5] AndroidManifest.xml:25:13-36
95
96        <receiver
96-->[androidx.profileinstaller:profileinstaller:1.3.1] AndroidManifest.xml:34:9-52:20
97            android:name="androidx.profileinstaller.ProfileInstallReceiver"
97-->[androidx.profileinstaller:profileinstaller:1.3.1] AndroidManifest.xml:35:13-76
98            android:directBootAware="false"
98-->[androidx.profileinstaller:profileinstaller:1.3.1] AndroidManifest.xml:36:13-44
99            android:enabled="true"
99-->[androidx.profileinstaller:profileinstaller:1.3.1] AndroidManifest.xml:37:13-35
100            android:exported="true"
100-->[androidx.profileinstaller:profileinstaller:1.3.1] AndroidManifest.xml:38:13-36
101            android:permission="android.permission.DUMP" >
101-->[androidx.profileinstaller:profileinstaller:1.3.1] AndroidManifest.xml:39:13-57
102            <intent-filter>
102-->[androidx.profileinstaller:profileinstaller:1.3.1] AndroidManifest.xml:40:13-42:29
103                <action android:name="androidx.profileinstaller.action.INSTALL_PROFILE" />
103-->[androidx.profileinstaller:profileinstaller:1.3.1] AndroidManifest.xml:41:17-91
103-->[androidx.profileinstaller:profileinstaller:1.3.1] AndroidManifest.xml:41:25-88
104            </intent-filter>
105            <intent-filter>
105-->[androidx.profileinstaller:profileinstaller:1.3.1] AndroidManifest.xml:43:13-45:29
106                <action android:name="androidx.profileinstaller.action.SKIP_FILE" />
106-->[androidx.profileinstaller:profileinstaller:1.3.1] AndroidManifest.xml:44:17-85
106-->[androidx.profileinstaller:profileinstaller:1.3.1] AndroidManifest.xml:44:25-82
107            </intent-filter>
108            <intent-filter>
108-->[androidx.profileinstaller:profileinstaller:1.3.1] AndroidManifest.xml:46:13-48:29
109                <action android:name="androidx.profileinstaller.action.SAVE_PROFILE" />
109-->[androidx.profileinstaller:profileinstaller:1.3.1] AndroidManifest.xml:47:17-88
109-->[androidx.profileinstaller:profileinstaller:1.3.1] AndroidManifest.xml:47:25-85
110            </intent-filter>
111            <intent-filter>
111-->[androidx.profileinstaller:profileinstaller:1.3.1] AndroidManifest.xml:49:13-51:29
112                <action android:name="androidx.profileinstaller.action.BENCHMARK_OPERATION" />
112-->[androidx.profileinstaller:profileinstaller:1.3.1] AndroidManifest.xml:50:17-95
112-->[androidx.profileinstaller:profileinstaller:1.3.1] AndroidManifest.xml:50:25-92
113            </intent-filter>
114        </receiver>
115    </application>
116
117</manifest>